[35m[Appium][39m Welcome to Appium v1.22.3
[35m[Appium][39m Non-default server args:
[35m[Appium][39m   port: 52947
[35m[Appium][39m   loglevel: info
[35m[Appium][39m   tmpDir: C:\Users\MUHAMM~1.HAR\AppData\Local\Temp\\Katalon\Appium\Temp1671416377017
[35m[Appium][39m   chromedriverPort: 52948
[35m[Appium][39m Deprecated server args:
[35m[Appium][39m   [31m--chromedriver-port[39m => --default-capabilities
[35m[Appium][39m Default capabilities, which will be added to each request unless overridden by desired capabilities:
[35m[Appium][39m   chromedriverPort: 52948
[35m[Appium][39m Appium REST http interface listener started on 0.0.0.0:52947
[35m[HTTP][39m [37m-->[39m [37mGET[39m [37m/wd/hub/status[39m
[35m[HTTP][39m [90m{}[39m
[35m[HTTP][39m [37m<-- GET /wd/hub/status [39m[32m200[39m [90m8 ms - 68[39m
[35m[HTTP][39m [90m[39m
[35m[HTTP][39m [37m-->[39m [37mGET[39m [37m/wd/hub/status[39m
[35m[HTTP][39m [90m{}[39m
[35m[HTTP][39m [37m<-- GET /wd/hub/status [39m[32m200[39m [90m1 ms - 68[39m
[35m[HTTP][39m [90m[39m
[35m[HTTP][39m [37m-->[39m [37mPOST[39m [37m/wd/hub/session[39m
[35m[HTTP][39m [90m{"desiredCapabilities":{"appActivity":".Settings","appPackage":"com.android.settings","newCommandTimeout":1800,"platformVersion":"10","automationName":"uiautomator2","autoGrantPermissions":true,"platformName":"Android","udid":"emulator-5554","deviceName":"emulator-5554 (Android SDK built for x86 - Android 10)","platform":"ANDROID","systemPort":8258},"capabilities":{"firstMatch":[{"appium:appActivity":".Settings","appium:appPackage":"com.android.settings","appium:autoGrantPermissions":true,"appium:automationName":"uiautomator2","appium:deviceName":"emulator-5554 (Android SDK built for x86 - Android 10)","appium:newCommandTimeout":1800,"platform":"ANDROID","platformName":"android","appium:platformVersion":"10","appium:systemPort":8258,"appium:udid":"emulator-5554"}]}}[39m
[35m[BaseDriver][39m The following capabilities are not standard capabilities and should have an extension prefix:
[35m[BaseDriver][39m   platform
[35m[BaseDriver][39m   chromedriverPort
[35m[Appium][39m Appium v1.22.3 creating new AndroidUiautomator2Driver (v1.70.1) session
[35m[BaseDriver][39m The following capabilities were provided, but are not recognized by Appium:
[35m[BaseDriver][39m   platform
[35m[BaseDriver][39m Session created with session id: fda4f2cd-84cb-4508-bbbc-96a3aadecfc7
[35m[UiAutomator2][39m Starting 'com.android.settings' directly on the device
[35m[ADB][39m Found 1 'build-tools' folders under 'C:\Users\muhammad.harits\.katalon\tools\android_sdk' (newest first):
[35m[ADB][39m     C:/Users/muhammad.harits/.katalon/tools/android_sdk/build-tools/29.0.3
[35m[ADB][39m Using 'adb.exe' from 'C:\Users\muhammad.harits\.katalon\tools\android_sdk\platform-tools\adb.exe'
[35m[AndroidDriver][39m Retrieving device list
[35m[AndroidDriver][39m Using device: emulator-5554
[35m[ADB][39m Using 'adb.exe' from 'C:\Users\muhammad.harits\.katalon\tools\android_sdk\platform-tools\adb.exe'
[35m[ADB][39m Getting device platform version
[35m[UiAutomator2][39m Relaxing hidden api policy
[35m[AndroidDriver][39m No app sent in, not parsing package/activity
[35m[ADB][39m Using 'apksigner.jar' from 'C:\Users\muhammad.harits\.katalon\tools\android_sdk\build-tools\29.0.3\lib\apksigner.jar'
[35m[ADB][39m 'C:\Users\muhammad.harits\AppData\Roaming\npm\node_modules\appium\node_modules\appium-uiautomator2-server\apks\appium-uiautomator2-server-v4.27.0.apk' is signed with the default certificate
[35m[ADB][39m 'C:\Users\muhammad.harits\AppData\Roaming\npm\node_modules\appium\node_modules\appium-uiautomator2-server\apks\appium-uiautomator2-server-debug-androidTest.apk' is signed with the default certificate
[35m[UiAutomator2][39m Server packages are not going to be (re)installed
[35m[ADB][39m Adding packages ["io.appium.settings","io.appium.uiautomator2.server","io.appium.uiautomator2.server.test"] to Doze whitelist
[35m[UiAutomator2][39m Starting UIAutomator2 server 4.27.0
[35m[UiAutomator2][39m Using UIAutomator2 server from 'C:\Users\muhammad.harits\AppData\Roaming\npm\node_modules\appium\node_modules\appium-uiautomator2-server\apks\appium-uiautomator2-server-v4.27.0.apk' and test from 'C:\Users\muhammad.harits\AppData\Roaming\npm\node_modules\appium\node_modules\appium-uiautomator2-server\apks\appium-uiautomator2-server-debug-androidTest.apk'
[35m[UiAutomator2][39m Waiting up to 30000ms for UiAutomator2 to be online...
[35m[WD Proxy][39m socket hang up
[35m[WD Proxy][39m socket hang up
[35m[WD Proxy][39m socket hang up
[35m[WD Proxy][39m socket hang up
[35m[WD Proxy][39m Determined the downstream protocol as 'W3C'
[35m[AndroidDriver][39m Screen already unlocked, doing nothing
[35m[UiAutomator2][39m Starting 'com.android.settings/.Settings and waiting for 'com.android.settings/.Settings'
[35m[Appium][39m New AndroidUiautomator2Driver session created successfully, session fda4f2cd-84cb-4508-bbbc-96a3aadecfc7 added to master session list
[35m[HTTP][39m [37m<-- POST /wd/hub/session [39m[32m200[39m [90m17499 ms - 1206[39m
[35m[HTTP][39m [90m[39m
[35m[HTTP][39m [37m-->[39m [37mGET[39m [37m/wd/hub/session/fda4f2cd-84cb-4508-bbbc-96a3aadecfc7[39m
[35m[HTTP][39m [90m{}[39m
[35m[HTTP][39m [37m<-- GET /wd/hub/session/fda4f2cd-84cb-4508-bbbc-96a3aadecfc7 [39m[32m200[39m [90m27 ms - 1160[39m
[35m[HTTP][39m [90m[39m
[35m[HTTP][39m [37m-->[39m [37mGET[39m [37m/wd/hub/session/fda4f2cd-84cb-4508-bbbc-96a3aadecfc7[39m
[35m[HTTP][39m [90m{}[39m
[35m[HTTP][39m [37m<-- GET /wd/hub/session/fda4f2cd-84cb-4508-bbbc-96a3aadecfc7 [39m[32m200[39m [90m21 ms - 1160[39m
[35m[HTTP][39m [90m[39m
[35m[HTTP][39m [37m-->[39m [37mGET[39m [37m/wd/hub/status[39m
[35m[HTTP][39m [90m{}[39m
[35m[HTTP][39m [37m<-- GET /wd/hub/status [39m[32m200[39m [90m1 ms - 68[39m
[35m[HTTP][39m [90m[39m
[35m[HTTP][39m [37m-->[39m [37mPOST[39m [37m/wd/hub/session/fda4f2cd-84cb-4508-bbbc-96a3aadecfc7/timeouts[39m
[35m[HTTP][39m [90m{"implicit":60000}[39m
[35m[HTTP][39m [37m<-- POST /wd/hub/session/fda4f2cd-84cb-4508-bbbc-96a3aadecfc7/timeouts [39m[32m200[39m [90m5 ms - 14[39m
[35m[HTTP][39m [90m[39m
[35m[HTTP][39m [37m-->[39m [37mGET[39m [37m/wd/hub/session/fda4f2cd-84cb-4508-bbbc-96a3aadecfc7/screenshot[39m
[35m[HTTP][39m [90m{}[39m
[35m[HTTP][39m [37m<-- GET /wd/hub/session/fda4f2cd-84cb-4508-bbbc-96a3aadecfc7/screenshot [39m[32m200[39m [90m820 ms - 39402[39m
[35m[HTTP][39m [90m[39m
[35m[HTTP][39m [37m-->[39m [37mGET[39m [37m/wd/hub/session/fda4f2cd-84cb-4508-bbbc-96a3aadecfc7/window/rect[39m
[35m[HTTP][39m [90m{}[39m
[35m[HTTP][39m [37m<-- GET /wd/hub/session/fda4f2cd-84cb-4508-bbbc-96a3aadecfc7/window/rect [39m[32m200[39m [90m74 ms - 50[39m
[35m[HTTP][39m [90m[39m
[35m[HTTP][39m [37m-->[39m [37mGET[39m [37m/wd/hub/session/fda4f2cd-84cb-4508-bbbc-96a3aadecfc7/appium/device/system_bars[39m
[35m[HTTP][39m [90m{}[39m
[35m[HTTP][39m [37m<-- GET /wd/hub/session/fda4f2cd-84cb-4508-bbbc-96a3aadecfc7/appium/device/system_bars [39m[32m200[39m [90m731 ms - 148[39m
[35m[HTTP][39m [90m[39m
[35m[HTTP][39m [37m-->[39m [37mPOST[39m [37m/wd/hub/session/fda4f2cd-84cb-4508-bbbc-96a3aadecfc7/appium/device/activate_app[39m
[35m[HTTP][39m [90m{"bundleId":"org.mozilla.firefox"}[39m
[35m[HTTP][39m [37m<-- POST /wd/hub/session/fda4f2cd-84cb-4508-bbbc-96a3aadecfc7/appium/device/activate_app [39m[32m200[39m [90m1734 ms - 14[39m
[35m[HTTP][39m [90m[39m
[35m[HTTP][39m [37m-->[39m [37mGET[39m [37m/wd/hub/session/fda4f2cd-84cb-4508-bbbc-96a3aadecfc7/source[39m
[35m[HTTP][39m [90m{}[39m
[35m[W3C (fda4f2cd)][39m Driver proxy active, passing request on via HTTP proxy
[35m[WD Proxy][39m Replacing sessionId 3a2d7df0-7be9-44bb-8063-9227af978983 with fda4f2cd-84cb-4508-bbbc-96a3aadecfc7
[35m[HTTP][39m [37m<-- GET /wd/hub/session/fda4f2cd-84cb-4508-bbbc-96a3aadecfc7/source [39m[32m200[39m [90m2026 ms - 33751[39m
[35m[HTTP][39m [90m[39m
[35m[HTTP][39m [37m-->[39m [37mGET[39m [37m/wd/hub/session/fda4f2cd-84cb-4508-bbbc-96a3aadecfc7/screenshot[39m
[35m[HTTP][39m [90m{}[39m
[35m[HTTP][39m [37m<-- GET /wd/hub/session/fda4f2cd-84cb-4508-bbbc-96a3aadecfc7/screenshot [39m[32m200[39m [90m901 ms - 495264[39m
[35m[HTTP][39m [90m[39m
[35m[HTTP][39m [37m-->[39m [37mPOST[39m [37m/wd/hub/session/fda4f2cd-84cb-4508-bbbc-96a3aadecfc7/elements[39m
[35m[HTTP][39m [90m{"using":"xpath","value":"//*[@class = 'android.widget.Button' and (@text = 'EN' or . = 'EN') and @resource-id = '']"}[39m
[35m[HTTP][39m [37m<-- POST /wd/hub/session/fda4f2cd-84cb-4508-bbbc-96a3aadecfc7/elements [39m[32m200[39m [90m3277 ms - 139[39m
[35m[HTTP][39m [90m[39m
[35m[HTTP][39m [37m-->[39m [37mPOST[39m [37m/wd/hub/session/fda4f2cd-84cb-4508-bbbc-96a3aadecfc7/elements[39m
[35m[HTTP][39m [90m{"using":"xpath","value":"//*[@class = 'android.widget.Image' and (@text = 'logo' or . = 'logo') and @resource-id = '']"}[39m
[35m[HTTP][39m [37m<-- POST /wd/hub/session/fda4f2cd-84cb-4508-bbbc-96a3aadecfc7/elements [39m[32m200[39m [90m1768 ms - 139[39m
[35m[HTTP][39m [90m[39m
[35m[HTTP][39m [37m-->[39m [37mPOST[39m [37m/wd/hub/session/fda4f2cd-84cb-4508-bbbc-96a3aadecfc7/elements[39m
[35m[HTTP][39m [90m{"using":"xpath","value":"//*[@class = 'android.view.View' and (@text = 'Hi, ' or . = 'Hi, ') and @resource-id = '']"}[39m
[35m[HTTP][39m [37m<-- POST /wd/hub/session/fda4f2cd-84cb-4508-bbbc-96a3aadecfc7/elements [39m[31m500[39m [90m124 ms - 2502[39m
[35m[HTTP][39m [90m[39m
[35m[HTTP][39m [37m-->[39m [37mDELETE[39m [37m/wd/hub/session/fda4f2cd-84cb-4508-bbbc-96a3aadecfc7[39m
[35m[HTTP][39m [90m{}[39m
[35m[Appium][39m Removing session fda4f2cd-84cb-4508-bbbc-96a3aadecfc7 from our master session list
[35m[UiAutomator2][39m Did not get confirmation UiAutomator2 deleteSession worked; Error was: UnknownError: An unknown server-side error occurred while processing the command. Original error: 'DELETE /' cannot be proxied to UiAutomator2 server because the instrumentation process is not running (probably crashed). Check the server log and/or the logcat output for more details
[35m[UiAutomator2][39m Unable to remove system port forward: Error executing adbExec. Original error: 'Command 'C:\\Users\\muhammad.harits\\.katalon\\tools\\android_sdk\\platform-tools\\adb.exe -P 5037 -s emulator-5554 forward --remove tcp\:8258' exited with code 1'; Command output: adb.exe: error: listener 'tcp:8258' not found
[35m[UiAutomator2][39m 
[35m[UiAutomator2][39m Restoring hidden api policy to the device default configuration
[35m[HTTP][39m [37m<-- DELETE /wd/hub/session/fda4f2cd-84cb-4508-bbbc-96a3aadecfc7 [39m[32m200[39m [90m2070 ms - 14[39m
[35m[HTTP][39m [90m[39m
